[debug] [2023-11-14T15:38:25.108Z] ----------------------------------------------------------------------
[debug] [2023-11-14T15:38:25.113Z] Command:       C:\Program Files\nodejs\node.exe C:\Users\SRINIVASAN\AppData\Roaming\npm\node_modules\firebase-tools\lib\bin\firebase.js init hosting
[debug] [2023-11-14T15:38:25.113Z] CLI Version:   12.8.1
[debug] [2023-11-14T15:38:25.114Z] Platform:      win32
[debug] [2023-11-14T15:38:25.114Z] Node Version:  v20.9.0
[debug] [2023-11-14T15:38:25.114Z] Time:          Tue Nov 14 2023 21:08:25 GMT+0530 (India Standard Time)
[debug] [2023-11-14T15:38:25.114Z] ----------------------------------------------------------------------
[debug] 
[debug] [2023-11-14T15:38:25.124Z] > command requires scopes: ["email","openid","https://www.googleapis.com/auth/cloudplatformprojects.readonly","https://www.googleapis.com/auth/firebase","https://www.googleapis.com/auth/cloud-platform"]
[debug] [2023-11-14T15:38:25.124Z] > authorizing via signed-in user (srinivasansridhar918@gmail.com)
[info] 
     ######## #### ########  ######## ########     ###     ######  ########
     ##        ##  ##     ## ##       ##     ##  ##   ##  ##       ##
     ######    ##  ########  ######   ########  #########  ######  ######
     ##        ##  ##    ##  ##       ##     ## ##     ##       ## ##
     ##       #### ##     ## ######## ########  ##     ##  ######  ########

You're about to initialize a Firebase project in this directory:

  C:\Users\SRINIVASAN\Desktop\College\Portfolio-React-JS-master

[info] 
=== Project Setup
[info] 
[info] First, let's associate this project directory with a Firebase project.
[info] You can create multiple project aliases by running firebase use --add, 
[info] but for now we'll just set up a default project.
[info] 
[info] i  If you want to create a project in a Google Cloud organization or folder, please use "firebase projects:create" instead, and return to this command when you've created the project. 
[debug] [2023-11-14T15:38:58.826Z] >>> [apiv2][query] POST https://cloudresourcemanager.googleapis.com/v1/projects [none]
[debug] [2023-11-14T15:38:58.826Z] >>> [apiv2][body] POST https://cloudresourcemanager.googleapis.com/v1/projects {"projectId":"srinivasansridhar","name":"srinivasansridhar"}
[debug] [2023-11-14T15:39:00.527Z] <<< [apiv2][status] POST https://cloudresourcemanager.googleapis.com/v1/projects 200
[debug] [2023-11-14T15:39:00.527Z] <<< [apiv2][body] POST https://cloudresourcemanager.googleapis.com/v1/projects {"name":"operations/cp.4877296600200276345"}
[debug] [2023-11-14T15:39:00.529Z] >>> [apiv2][query] GET https://cloudresourcemanager.googleapis.com/v1/operations/cp.4877296600200276345 [none]
[debug] [2023-11-14T15:39:02.088Z] <<< [apiv2][status] GET https://cloudresourcemanager.googleapis.com/v1/operations/cp.4877296600200276345 200
[debug] [2023-11-14T15:39:02.089Z] <<< [apiv2][body] GET https://cloudresourcemanager.googleapis.com/v1/operations/cp.4877296600200276345 {"name":"operations/cp.4877296600200276345","metadata":{"@type":"type.googleapis.com/google.cloudresourcemanager.v1.ProjectCreationStatus","ready":true},"done":true,"error":{"code":9,"message":"Callers must accept Terms of Service","details":[{"@type":"type.googleapis.com/google.rpc.PreconditionFailure","violations":[{"type":"TOS","subject":"cloud","description":"Callers must accept Terms of Service"}]}]}}
[debug] [2023-11-14T15:39:02.323Z] FirebaseError: Callers must accept Terms of Service
    at OperationPoller.poll (C:\Users\SRINIVASAN\AppData\Roaming\npm\node_modules\firebase-tools\lib\operation-poller.js:24:19)
    at process.processTicksAndRejections (node:internal/process/task_queues:95:5)
    at async createCloudProject (C:\Users\SRINIVASAN\AppData\Roaming\npm\node_modules\firebase-tools\lib\management\projects.js:186:29)
    at async createFirebaseProjectAndLog (C:\Users\SRINIVASAN\AppData\Roaming\npm\node_modules\firebase-tools\lib\management\projects.js:45:9)
    at async promptAndCreateNewProject (C:\Users\SRINIVASAN\AppData\Roaming\npm\node_modules\firebase-tools\lib\init\features\project.js:32:12)
    at async doSetup (C:\Users\SRINIVASAN\AppData\Roaming\npm\node_modules\firebase-tools\lib\init\features\project.js:88:27)
    at async init (C:\Users\SRINIVASAN\AppData\Roaming\npm\node_modules\firebase-tools\lib\init\index.js:41:9)
[error] 
[error] Error: Failed to create project. See firebase-debug.log for more info.
[debug] [2023-11-14T15:42:01.965Z] ----------------------------------------------------------------------
[debug] [2023-11-14T15:42:01.970Z] Command:       C:\Program Files\nodejs\node.exe C:\Users\SRINIVASAN\AppData\Roaming\npm\node_modules\firebase-tools\lib\bin\firebase.js init hosting
[debug] [2023-11-14T15:42:01.970Z] CLI Version:   12.8.1
[debug] [2023-11-14T15:42:01.971Z] Platform:      win32
[debug] [2023-11-14T15:42:01.971Z] Node Version:  v20.9.0
[debug] [2023-11-14T15:42:01.971Z] Time:          Tue Nov 14 2023 21:12:01 GMT+0530 (India Standard Time)
[debug] [2023-11-14T15:42:01.972Z] ----------------------------------------------------------------------
[debug] 
[debug] [2023-11-14T15:42:01.985Z] > command requires scopes: ["email","openid","https://www.googleapis.com/auth/cloudplatformprojects.readonly","https://www.googleapis.com/auth/firebase","https://www.googleapis.com/auth/cloud-platform"]
[debug] [2023-11-14T15:42:01.986Z] > authorizing via signed-in user (srinivasansridhar918@gmail.com)
[info] 
     ######## #### ########  ######## ########     ###     ######  ########
     ##        ##  ##     ## ##       ##     ##  ##   ##  ##       ##
     ######    ##  ########  ######   ########  #########  ######  ######
     ##        ##  ##    ##  ##       ##     ## ##     ##       ## ##
     ##       #### ##     ## ######## ########  ##     ##  ######  ########

You're about to initialize a Firebase project in this directory:

  C:\Users\SRINIVASAN\Desktop\College\Portfolio-React-JS-master

[info] 
=== Project Setup
[info] 
[info] First, let's associate this project directory with a Firebase project.
[info] You can create multiple project aliases by running firebase use --add, 
[info] but for now we'll just set up a default project.
[info] 
[debug] [2023-11-14T15:42:06.858Z] >>> [apiv2][query] GET https://firebase.googleapis.com/v1beta1/projects pageSize=100
[debug] [2023-11-14T15:42:07.733Z] <<< [apiv2][status] GET https://firebase.googleapis.com/v1beta1/projects 200
[debug] [2023-11-14T15:42:07.733Z] <<< [apiv2][body] GET https://firebase.googleapis.com/v1beta1/projects [omitted]
[info] i  Using project srinivasansridhar-9b21b (srinivasansridhar) 
[info] 
=== Hosting Setup
[info] 
[info] Your public directory is the folder (relative to your project directory) that
[info] will contain Hosting assets to be uploaded with firebase deploy. If you
[info] have a build process for your assets, use your build's output directory.
[info] 
[info] +  Wrote public/404.html 
[debug] [2023-11-14T15:42:41.455Z] >>> [apiv2][query] GET https://www.gstatic.com/firebasejs/releases.json [none]
[debug] [2023-11-14T15:42:41.632Z] <<< [apiv2][status] GET https://www.gstatic.com/firebasejs/releases.json 200
[debug] [2023-11-14T15:42:41.632Z] <<< [apiv2][body] GET https://www.gstatic.com/firebasejs/releases.json {"current":{"version":"10.6.0","browserURL":"https://www.gstatic.com/firebasejs/10.6.0/firebase.js","packageURL":"https://www.gstatic.com/firebasejs/10.6.0/firebase.tgz"},"live":{"version":"10.6","browserURL":"https://www.gstatic.com/firebasejs/live/10.6/firebase.js","packageURL":"https://www.gstatic.com/firebasejs/live/10.6/firebase.tgz"},"components":{"analytics":"https://www.gstatic.com/firebasejs/10.6.0/firebase-analytics.js","app":"https://www.gstatic.com/firebasejs/10.6.0/firebase-app.js","app-check":"https://www.gstatic.com/firebasejs/10.6.0/firebase-app-check.js","auth":"https://www.gstatic.com/firebasejs/10.6.0/firebase-auth.js","auth/cordova":"https://www.gstatic.com/firebasejs/10.6.0/firebase-auth/cordova.js","functions":"https://www.gstatic.com/firebasejs/10.6.0/firebase-functions.js","firestore":"https://www.gstatic.com/firebasejs/10.6.0/firebase-firestore.js","firestore/lite":"https://www.gstatic.com/firebasejs/10.6.0/firebase-firestore/lite.js","installations":"https://www.gstatic.com/firebasejs/10.6.0/firebase-installations.js","storage":"https://www.gstatic.com/firebasejs/10.6.0/firebase-storage.js","performance":"https://www.gstatic.com/firebasejs/10.6.0/firebase-performance.js","remote-config":"https://www.gstatic.com/firebasejs/10.6.0/firebase-remote-config.js","messaging":"https://www.gstatic.com/firebasejs/10.6.0/firebase-messaging.js","messaging/sw":"https://www.gstatic.com/firebasejs/10.6.0/firebase-messaging/sw.js","database":"https://www.gstatic.com/firebasejs/10.6.0/firebase-database.js","firestore.memory":"https://www.gstatic.com/firebasejs/10.6.0/firebase-firestore.memory.js"}}
[info] +  Wrote public/index.html 
[info] 
[info] i  Didn't detect a .git folder. Assuming C:\Users\SRINIVASAN\Desktop\College\Portfolio-React-JS-master is the project root. 
[info] i  Authorizing with GitHub to upload your service account to a GitHub repository's secrets store. 
[info] 
[info] Visit this URL on this device to log in:
[info] https://github.com/login/oauth/authorize?client_id=89cf50f02ac6aaed3484&state=296387384&redirect_uri=http%3A%2F%2Flocalhost%3A9005&scope=read%3Auser%20repo%20public_repo
[info] 
[info] Waiting for authentication...
[debug] [2023-11-14T15:43:12.117Z] >>> [apiv2][query] POST https://github.com/login/oauth/access_token [none]
[debug] [2023-11-14T15:43:12.117Z] >>> [apiv2][body] POST https://github.com/login/oauth/access_token [stream]
[debug] [2023-11-14T15:43:12.793Z] <<< [apiv2][status] POST https://github.com/login/oauth/access_token 200
[debug] [2023-11-14T15:43:12.793Z] <<< [apiv2][body] POST https://github.com/login/oauth/access_token {"access_token":"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","token_type":"bearer","scope":"read:user,repo"}
[debug] [2023-11-14T15:43:12.800Z] >>> [apiv2][query] GET https://api.github.com/user [none]
[debug] [2023-11-14T15:43:13.403Z] <<< [apiv2][status] GET https://api.github.com/user 200
[debug] [2023-11-14T15:43:13.403Z] <<< [apiv2][body] GET https://api.github.com/user {"login":"SRI-2004","id":116736492,"node_id":"U_kgDOBvVB7A","avatar_url":"https://avatars.githubusercontent.com/u/116736492?v=4","gravatar_id":"","url":"https://api.github.com/users/SRI-2004","html_url":"https://github.com/SRI-2004","followers_url":"https://api.github.com/users/SRI-2004/followers","following_url":"https://api.github.com/users/SRI-2004/following{/other_user}","gists_url":"https://api.github.com/users/SRI-2004/gists{/gist_id}","starred_url":"https://api.github.com/users/SRI-2004/starred{/owner}{/repo}","subscriptions_url":"https://api.github.com/users/SRI-2004/subscriptions","organizations_url":"https://api.github.com/users/SRI-2004/orgs","repos_url":"https://api.github.com/users/SRI-2004/repos","events_url":"https://api.github.com/users/SRI-2004/events{/privacy}","received_events_url":"https://api.github.com/users/SRI-2004/received_events","type":"User","site_admin":false,"name":null,"company":null,"blog":"","location":null,"email":null,"hireable":null,"bio":null,"twitter_username":null,"public_repos":9,"public_gists":0,"followers":3,"following":2,"created_at":"2022-10-26T13:56:03Z","updated_at":"2023-11-04T10:27:31Z","private_gists":0,"total_private_repos":4,"owned_private_repos":3,"disk_usage":530749,"collaborators":1,"two_factor_authentication":false,"plan":{"name":"pro","space":976562499,"collaborators":0,"private_repos":9999}}
[info] 
[info] +  Success! Logged into GitHub as SRI-2004 
[info] 
